  GContainer.cpp
  main.cpp
C:\Users\PixelSiete\Desktop\angel\codigo\java\firstVision\cpp\firstViewC\firstViewC\main.cpp(22,12): warning C4101: 'infoLog': variable local sin referencia
C:\Users\PixelSiete\Desktop\angel\codigo\java\firstVision\cpp\firstViewC\firstViewC\main.cpp(21,11): warning C4101: 'success': variable local sin referencia
  Shape.cpp
  Generando código...
LINK : warning LNK4098: la biblioteca predeterminada'LIBCMT' entra en conflicto con otras bibliotecas; use la biblioteca /NODEFAULTLIB:biblioteca
glew32s.lib(glew.obj) : warning LNK4099: no se encontró PDB 'vc120.pdb' con 'glew32s.lib(glew.obj)' o en 'C:\Users\PixelSiete\Desktop\angel\codigo\java\firstVision\cpp\firstViewC\x64\Debug\vc120.pdb'; se vinculará el objeto sin tener en cuenta información de depuración
glfw3.lib(context.obj) : warning LNK4099: no se encontró PDB 'glfw.pdb' con 'glfw3.lib(context.obj)' o en 'C:\Users\PixelSiete\Desktop\angel\codigo\java\firstVision\cpp\firstViewC\x64\Debug\glfw.pdb'; se vinculará el objeto sin tener en cuenta información de depuración
glfw3.lib(init.obj) : warning LNK4099: no se encontró PDB 'glfw.pdb' con 'glfw3.lib(init.obj)' o en 'C:\Users\PixelSiete\Desktop\angel\codigo\java\firstVision\cpp\firstViewC\x64\Debug\glfw.pdb'; se vinculará el objeto sin tener en cuenta información de depuración
glfw3.lib(input.obj) : warning LNK4099: no se encontró PDB 'glfw.pdb' con 'glfw3.lib(input.obj)' o en 'C:\Users\PixelSiete\Desktop\angel\codigo\java\firstVision\cpp\firstViewC\x64\Debug\glfw.pdb'; se vinculará el objeto sin tener en cuenta información de depuración
glfw3.lib(monitor.obj) : warning LNK4099: no se encontró PDB '' con 'glfw3.lib(monitor.obj)' o en ''; se vinculará el objeto sin tener en cuenta información de depuración
glfw3.lib(vulkan.obj) : warning LNK4099: no se encontró PDB 'glfw.pdb' con 'glfw3.lib(vulkan.obj)' o en 'C:\Users\PixelSiete\Desktop\angel\codigo\java\firstVision\cpp\firstViewC\x64\Debug\glfw.pdb'; se vinculará el objeto sin tener en cuenta información de depuración
glfw3.lib(window.obj) : warning LNK4099: no se encontró PDB 'glfw.pdb' con 'glfw3.lib(window.obj)' o en 'C:\Users\PixelSiete\Desktop\angel\codigo\java\firstVision\cpp\firstViewC\x64\Debug\glfw.pdb'; se vinculará el objeto sin tener en cuenta información de depuración
glfw3.lib(win32_init.obj) : warning LNK4099: no se encontró PDB 'glfw.pdb' con 'glfw3.lib(win32_init.obj)' o en 'C:\Users\PixelSiete\Desktop\angel\codigo\java\firstVision\cpp\firstViewC\x64\Debug\glfw.pdb'; se vinculará el objeto sin tener en cuenta información de depuración
glfw3.lib(win32_joystick.obj) : warning LNK4099: no se encontró PDB '' con 'glfw3.lib(win32_joystick.obj)' o en ''; se vinculará el objeto sin tener en cuenta información de depuración
glfw3.lib(win32_monitor.obj) : warning LNK4099: no se encontró PDB 'glfw.pdb' con 'glfw3.lib(win32_monitor.obj)' o en 'C:\Users\PixelSiete\Desktop\angel\codigo\java\firstVision\cpp\firstViewC\x64\Debug\glfw.pdb'; se vinculará el objeto sin tener en cuenta información de depuración
glfw3.lib(win32_time.obj) : warning LNK4099: no se encontró PDB 'glfw.pdb' con 'glfw3.lib(win32_time.obj)' o en 'C:\Users\PixelSiete\Desktop\angel\codigo\java\firstVision\cpp\firstViewC\x64\Debug\glfw.pdb'; se vinculará el objeto sin tener en cuenta información de depuración
glfw3.lib(win32_thread.obj) : warning LNK4099: no se encontró PDB 'glfw.pdb' con 'glfw3.lib(win32_thread.obj)' o en 'C:\Users\PixelSiete\Desktop\angel\codigo\java\firstVision\cpp\firstViewC\x64\Debug\glfw.pdb'; se vinculará el objeto sin tener en cuenta información de depuración
glfw3.lib(win32_window.obj) : warning LNK4099: no se encontró PDB 'glfw.pdb' con 'glfw3.lib(win32_window.obj)' o en 'C:\Users\PixelSiete\Desktop\angel\codigo\java\firstVision\cpp\firstViewC\x64\Debug\glfw.pdb'; se vinculará el objeto sin tener en cuenta información de depuración
glfw3.lib(wgl_context.obj) : warning LNK4099: no se encontró PDB 'glfw.pdb' con 'glfw3.lib(wgl_context.obj)' o en 'C:\Users\PixelSiete\Desktop\angel\codigo\java\firstVision\cpp\firstViewC\x64\Debug\glfw.pdb'; se vinculará el objeto sin tener en cuenta información de depuración
glfw3.lib(egl_context.obj) : warning LNK4099: no se encontró PDB 'glfw.pdb' con 'glfw3.lib(egl_context.obj)' o en 'C:\Users\PixelSiete\Desktop\angel\codigo\java\firstVision\cpp\firstViewC\x64\Debug\glfw.pdb'; se vinculará el objeto sin tener en cuenta información de depuración
glfw3.lib(osmesa_context.obj) : warning LNK4099: no se encontró PDB 'glfw.pdb' con 'glfw3.lib(osmesa_context.obj)' o en 'C:\Users\PixelSiete\Desktop\angel\codigo\java\firstVision\cpp\firstViewC\x64\Debug\glfw.pdb'; se vinculará el objeto sin tener en cuenta información de depuración
  firstViewC.vcxproj -> C:\Users\PixelSiete\Desktop\angel\codigo\java\firstVision\cpp\firstViewC\x64\Debug\firstViewC.exe
